2019-08-14 15:08:52.650  INFO 18624 --- [main] com.ghozay19.issm.DemoApplication        : Starting DemoApplication on MSI with PID 18624 (C:\Shigoto\work\backend\issm\target\classes started by ghozy in C:\Shigoto\work\backend\issm)
2019-08-14 15:08:52.666  INFO 18624 --- [main] com.ghozay19.issm.DemoApplication        : No active profile set, falling back to default profiles: default
2019-08-14 15:08:53.538  INFO 18624 --- [main] .s.d.r.c.RepositoryConfigurationDelegate : Bootstrapping Spring Data repositories in DEFAULT mode.
2019-08-14 15:08:53.600  INFO 18624 --- [main] .s.d.r.c.RepositoryConfigurationDelegate : Finished Spring Data repository scanning in 47ms. Found 1 repository interfaces.
2019-08-14 15:08:53.960  INFO 18624 --- [main] trationDelegate$BeanPostProcessorChecker : Bean 'org.springframework.transaction.annotation.ProxyTransactionManagementConfiguration' of type [org.springframework.transaction.annotation.ProxyTransactionManagementConfiguration$$EnhancerBySpringCGLIB$$dc978d4c] is not eligible for getting processed by all BeanPostProcessors (for example: not eligible for auto-proxying)
2019-08-14 15:08:54.227  INFO 18624 --- [main] o.s.b.w.embedded.tomcat.TomcatWebServer  : Tomcat initialized with port(s): 8080 (http)
2019-08-14 15:08:54.251  INFO 18624 --- [main] o.apache.catalina.core.StandardService   : Starting service [Tomcat]
2019-08-14 15:08:54.251  INFO 18624 --- [main] org.apache.catalina.core.StandardEngine  : Starting Servlet engine: [Apache Tomcat/9.0.22]
2019-08-14 15:08:54.366  INFO 18624 --- [main] o.a.c.c.C.[Tomcat].[localhost].[/]       : Initializing Spring embedded WebApplicationContext
2019-08-14 15:08:54.366  INFO 18624 --- [main] o.s.web.context.ContextLoader            : Root WebApplicationContext: initialization completed in 1633 ms
2019-08-14 15:08:54.766  INFO 18624 --- [main] com.zaxxer.hikari.HikariDataSource       : HikariPool-1 - Starting...
2019-08-14 15:08:54.948  INFO 18624 --- [main] com.zaxxer.hikari.HikariDataSource       : HikariPool-1 - Start completed.
2019-08-14 15:08:54.995  INFO 18624 --- [main] o.hibernate.jpa.internal.util.LogHelper  : HHH000204: Processing PersistenceUnitInfo [
	name: default
	...]
2019-08-14 15:08:55.057  INFO 18624 --- [main] org.hibernate.Version                    : HHH000412: Hibernate Core {5.3.10.Final}
2019-08-14 15:08:55.057  INFO 18624 --- [main] org.hibernate.cfg.Environment            : HHH000206: hibernate.properties not found
2019-08-14 15:08:55.213  INFO 18624 --- [main] o.hibernate.annotations.common.Version   : HCANN000001: Hibernate Commons Annotations {5.0.4.Final}
2019-08-14 15:08:55.335  INFO 18624 --- [main] org.hibernate.dialect.Dialect            : HHH000400: Using dialect: org.hibernate.dialect.MySQL5Dialect
2019-08-14 15:08:56.023  INFO 18624 --- [main] j.LocalContainerEntityManagerFactoryBean : Initialized JPA EntityManagerFactory for persistence unit 'default'
2019-08-14 15:08:56.475  INFO 18624 --- [main] o.s.s.concurrent.ThreadPoolTaskExecutor  : Initializing ExecutorService 'applicationTaskExecutor'
2019-08-14 15:08:56.507  WARN 18624 --- [main] aWebConfiguration$JpaWebMvcConfiguration : spring.jpa.open-in-view is enabled by default. Therefore, database queries may be performed during view rendering. Explicitly configure spring.jpa.open-in-view to disable this warning
2019-08-14 15:08:56.569  WARN 18624 --- [main] ion$DefaultTemplateResolverConfiguration : Cannot find template location: classpath:/templates/ (please add some templates or check your Thymeleaf configuration)
2019-08-14 15:08:56.766  INFO 18624 --- [main] org.quartz.impl.StdSchedulerFactory      : Using default implementation for ThreadExecutor
2019-08-14 15:08:56.782  INFO 18624 --- [main] org.quartz.core.SchedulerSignalerImpl    : Initialized Scheduler Signaller of type: class org.quartz.core.SchedulerSignalerImpl
2019-08-14 15:08:56.782  INFO 18624 --- [main] org.quartz.core.QuartzScheduler          : Quartz Scheduler v.2.3.1 created.
2019-08-14 15:08:56.782  INFO 18624 --- [main] org.quartz.simpl.RAMJobStore             : RAMJobStore initialized.
2019-08-14 15:08:56.782  INFO 18624 --- [main] org.quartz.core.QuartzScheduler          : Scheduler meta-data: Quartz Scheduler (v2.3.1) 'quartzScheduler' with instanceId 'NON_CLUSTERED'
  Scheduler class: 'org.quartz.core.QuartzScheduler' - running locally.
  NOT STARTED.
  Currently in standby mode.
  Number of jobs executed: 0
  Using thread pool 'org.quartz.simpl.SimpleThreadPool' - with 10 threads.
  Using job-store 'org.quartz.simpl.RAMJobStore' - which does not support persistence. and is not clustered.

2019-08-14 15:08:56.782  INFO 18624 --- [main] org.quartz.impl.StdSchedulerFactory      : Quartz scheduler 'quartzScheduler' initialized from an externally provided properties instance.
2019-08-14 15:08:56.782  INFO 18624 --- [main] org.quartz.impl.StdSchedulerFactory      : Quartz scheduler version: 2.3.1
2019-08-14 15:08:56.782  INFO 18624 --- [main] org.quartz.core.QuartzScheduler          : JobFactory set to: org.springframework.scheduling.quartz.SpringBeanJobFactory@26463a6
2019-08-14 15:08:56.813  INFO 18624 --- [main] o.s.b.a.e.web.EndpointLinksResolver      : Exposing 2 endpoint(s) beneath base path '/actuator'
2019-08-14 15:08:56.853  INFO 18624 --- [main] o.s.s.quartz.SchedulerFactoryBean        : Starting Quartz Scheduler now
2019-08-14 15:08:56.853  INFO 18624 --- [main] org.quartz.core.QuartzScheduler          : Scheduler quartzScheduler_$_NON_CLUSTERED started.
2019-08-14 15:08:56.884  INFO 18624 --- [main] o.s.b.w.embedded.tomcat.TomcatWebServer  : Tomcat started on port(s): 8080 (http) with context path ''
2019-08-14 15:08:56.884  INFO 18624 --- [main] com.ghozay19.issm.DemoApplication        : Started DemoApplication in 4.606 seconds (JVM running for 5.388)
2019-08-14 15:08:57.444  INFO 18624 --- [RMI TCP Connection(3)-192.168.43.42] o.a.c.c.C.[Tomcat].[localhost].[/]       : Initializing Spring DispatcherServlet 'dispatcherServlet'
2019-08-14 15:08:57.444  INFO 18624 --- [RMI TCP Connection(3)-192.168.43.42] o.s.web.servlet.DispatcherServlet        : Initializing Servlet 'dispatcherServlet'
2019-08-14 15:08:57.460  INFO 18624 --- [RMI TCP Connection(3)-192.168.43.42] o.s.web.servlet.DispatcherServlet        : Completed initialization in 16 ms
2019-08-14 15:09:05.405  INFO 15608 --- [main] com.ghozay19.issm.DemoApplication        : Starting DemoApplication on MSI with PID 15608 (C:\Shigoto\work\backend\issm\target\classes started by ghozy in C:\Shigoto\work\backend\issm)
2019-08-14 15:09:05.408  INFO 15608 --- [main] com.ghozay19.issm.DemoApplication        : No active profile set, falling back to default profiles: default
2019-08-14 15:09:06.147  INFO 15608 --- [main] .s.d.r.c.RepositoryConfigurationDelegate : Bootstrapping Spring Data repositories in DEFAULT mode.
2019-08-14 15:09:06.194  INFO 15608 --- [main] .s.d.r.c.RepositoryConfigurationDelegate : Finished Spring Data repository scanning in 47ms. Found 1 repository interfaces.
2019-08-14 15:09:06.506  INFO 15608 --- [main] trationDelegate$BeanPostProcessorChecker : Bean 'org.springframework.transaction.annotation.ProxyTransactionManagementConfiguration' of type [org.springframework.transaction.annotation.ProxyTransactionManagementConfiguration$$EnhancerBySpringCGLIB$$a96de5f1] is not eligible for getting processed by all BeanPostProcessors (for example: not eligible for auto-proxying)
2019-08-14 15:09:06.709  INFO 15608 --- [main] o.s.b.w.embedded.tomcat.TomcatWebServer  : Tomcat initialized with port(s): 8080 (http)
2019-08-14 15:09:06.739  INFO 15608 --- [main] o.apache.catalina.core.StandardService   : Starting service [Tomcat]
2019-08-14 15:09:06.740  INFO 15608 --- [main] org.apache.catalina.core.StandardEngine  : Starting Servlet engine: [Apache Tomcat/9.0.22]
2019-08-14 15:09:06.819  INFO 15608 --- [main] o.a.c.c.C.[Tomcat].[localhost].[/]       : Initializing Spring embedded WebApplicationContext
2019-08-14 15:09:06.819  INFO 15608 --- [main] o.s.web.context.ContextLoader            : Root WebApplicationContext: initialization completed in 1370 ms
2019-08-14 15:09:07.267  INFO 15608 --- [main] com.zaxxer.hikari.HikariDataSource       : HikariPool-1 - Starting...
2019-08-14 15:09:07.366  INFO 15608 --- [main] com.zaxxer.hikari.HikariDataSource       : HikariPool-1 - Start completed.
2019-08-14 15:09:07.398  INFO 15608 --- [main] o.hibernate.jpa.internal.util.LogHelper  : HHH000204: Processing PersistenceUnitInfo [
	name: default
	...]
2019-08-14 15:09:07.445  INFO 15608 --- [main] org.hibernate.Version                    : HHH000412: Hibernate Core {5.3.10.Final}
2019-08-14 15:09:07.445  INFO 15608 --- [main] org.hibernate.cfg.Environment            : HHH000206: hibernate.properties not found
2019-08-14 15:09:07.570  INFO 15608 --- [main] o.hibernate.annotations.common.Version   : HCANN000001: Hibernate Commons Annotations {5.0.4.Final}
2019-08-14 15:09:07.668  INFO 15608 --- [main] org.hibernate.dialect.Dialect            : HHH000400: Using dialect: org.hibernate.dialect.MySQL5Dialect
2019-08-14 15:09:08.313  INFO 15608 --- [main] j.LocalContainerEntityManagerFactoryBean : Initialized JPA EntityManagerFactory for persistence unit 'default'
2019-08-14 15:09:08.748  INFO 15608 --- [main] o.s.s.concurrent.ThreadPoolTaskExecutor  : Initializing ExecutorService 'applicationTaskExecutor'
2019-08-14 15:09:08.767  WARN 15608 --- [main] aWebConfiguration$JpaWebMvcConfiguration : spring.jpa.open-in-view is enabled by default. Therefore, database queries may be performed during view rendering. Explicitly configure spring.jpa.open-in-view to disable this warning
2019-08-14 15:09:08.835  WARN 15608 --- [main] ion$DefaultTemplateResolverConfiguration : Cannot find template location: classpath:/templates/ (please add some templates or check your Thymeleaf configuration)
2019-08-14 15:09:09.038  INFO 15608 --- [main] org.quartz.impl.StdSchedulerFactory      : Using default implementation for ThreadExecutor
2019-08-14 15:09:09.038  INFO 15608 --- [main] org.quartz.core.SchedulerSignalerImpl    : Initialized Scheduler Signaller of type: class org.quartz.core.SchedulerSignalerImpl
2019-08-14 15:09:09.038  INFO 15608 --- [main] org.quartz.core.QuartzScheduler          : Quartz Scheduler v.2.3.1 created.
2019-08-14 15:09:09.038  INFO 15608 --- [main] org.quartz.simpl.RAMJobStore             : RAMJobStore initialized.
2019-08-14 15:09:09.054  INFO 15608 --- [main] org.quartz.core.QuartzScheduler          : Scheduler meta-data: Quartz Scheduler (v2.3.1) 'quartzScheduler' with instanceId 'NON_CLUSTERED'
  Scheduler class: 'org.quartz.core.QuartzScheduler' - running locally.
  NOT STARTED.
  Currently in standby mode.
  Number of jobs executed: 0
  Using thread pool 'org.quartz.simpl.SimpleThreadPool' - with 10 threads.
  Using job-store 'org.quartz.simpl.RAMJobStore' - which does not support persistence. and is not clustered.

2019-08-14 15:09:09.054  INFO 15608 --- [main] org.quartz.impl.StdSchedulerFactory      : Quartz scheduler 'quartzScheduler' initialized from an externally provided properties instance.
2019-08-14 15:09:09.054  INFO 15608 --- [main] org.quartz.impl.StdSchedulerFactory      : Quartz scheduler version: 2.3.1
2019-08-14 15:09:09.054  INFO 15608 --- [main] org.quartz.core.QuartzScheduler          : JobFactory set to: org.springframework.scheduling.quartz.SpringBeanJobFactory@432c0f1
2019-08-14 15:09:09.069  INFO 15608 --- [main] o.s.b.a.e.web.EndpointLinksResolver      : Exposing 2 endpoint(s) beneath base path '/actuator'
2019-08-14 15:09:09.116  INFO 15608 --- [main] o.s.s.quartz.SchedulerFactoryBean        : Starting Quartz Scheduler now
2019-08-14 15:09:09.116  INFO 15608 --- [main] org.quartz.core.QuartzScheduler          : Scheduler quartzScheduler_$_NON_CLUSTERED started.
2019-08-14 15:09:09.132  INFO 15608 --- [main] o.s.b.w.embedded.tomcat.TomcatWebServer  : Tomcat started on port(s): 8080 (http) with context path ''
2019-08-14 15:09:09.132  INFO 15608 --- [main] com.ghozay19.issm.DemoApplication        : Started DemoApplication in 4.117 seconds (JVM running for 5.075)
2019-08-14 15:09:10.085  INFO 15608 --- [RMI TCP Connection(5)-192.168.43.42] o.a.c.c.C.[Tomcat].[localhost].[/]       : Initializing Spring DispatcherServlet 'dispatcherServlet'
